app/build/intermediates/manifest_merge_blame_file/release/manifest-merger-blame-release-report.txt
1<?xml version="1.0" encoding="utf-8"?>
2<manifest xmlns:android="http://schemas.android.com/apk/res/android"
3    package="com.androidguitarnotes.app"
4    android:versionCode="1"
5    android:versionName="0.1.0" >
6
7    <uses-sdk
8        android:minSdkVersion="34"
8-->src/main/AndroidManifest.xml
9        android:targetSdkVersion="34" />
9-->src/main/AndroidManifest.xml
10
11    <!-- Required for microphone / tuner features -->
12    <uses-permission android:name="android.permission.RECORD_AUDIO" />
12-->src/main/AndroidManifest.xml:5:5-71
12-->src/main/AndroidManifest.xml:5:22-68
13
14    <permission
14-->[androidx.core:core:1.10.1] AndroidManifest.xml:22:5-24:47
15        android:name="com.androidguitarnotes.app.DYNAMIC_RECEIVER_NOT_EXPORTED_PERMISSION"
15-->[androidx.core:core:1.10.1] AndroidManifest.xml:23:9-81
16        android:protectionLevel="signature" />
16-->[androidx.core:core:1.10.1] AndroidManifest.xml:24:9-44
17
18    <uses-permission android:name="com.androidguitarnotes.app.DYNAMIC_RECEIVER_NOT_EXPORTED_PERMISSION" />
18-->[androidx.core:core:1.10.1] AndroidManifest.xml:26:5-97
18-->[androidx.core:core:1.10.1] AndroidManifest.xml:26:22-94
19
20    <application
20-->src/main/AndroidManifest.xml:7:5-17:19
21        android:appComponentFactory="androidx.core.app.CoreComponentFactory"
21-->[androidx.core:core:1.10.1] AndroidManifest.xml:28:18-86
22        android:extractNativeLibs="false"
23        android:label="Android Guitar Notes Learner" >
23-->src/main/AndroidManifest.xml:8:9-53
24        <activity
24-->src/main/AndroidManifest.xml:9:9-16:20
25            android:name="com.androidguitarnotes.app.MainActivity"
25-->src/main/AndroidManifest.xml:10:13-41
26            android:exported="true" >
26-->src/main/AndroidManifest.xml:11:13-36
27            <intent-filter>
27-->src/main/AndroidManifest.xml:12:13-15:29
28                <action android:name="android.intent.action.MAIN" />
28-->src/main/AndroidManifest.xml:13:17-69
28-->src/main/AndroidManifest.xml:13:25-66
29
30                <category android:name="android.intent.category.LAUNCHER" />
30-->src/main/AndroidManifest.xml:14:17-77
30-->src/main/AndroidManifest.xml:14:27-74
31            </intent-filter>
32        </activity>
33
34        <provider
34-->[androidx.emoji2:emoji2:1.4.0] AndroidManifest.xml:24:9-32:20
35            android:name="androidx.startup.InitializationProvider"
35-->[androidx.emoji2:emoji2:1.4.0] AndroidManifest.xml:25:13-67
36            android:authorities="com.androidguitarnotes.app.androidx-startup"
36-->[androidx.emoji2:emoji2:1.4.0] AndroidManifest.xml:26:13-68
37            android:exported="false" >
37-->[androidx.emoji2:emoji2:1.4.0] AndroidManifest.xml:27:13-37
38            <meta-data
38-->[androidx.emoji2:emoji2:1.4.0] AndroidManifest.xml:29:13-31:52
39                android:name="androidx.emoji2.text.EmojiCompatInitializer"
39-->[androidx.emoji2:emoji2:1.4.0] AndroidManifest.xml:30:17-75
40                android:value="androidx.startup" />
40-->[androidx.emoji2:emoji2:1.4.0] AndroidManifest.xml:31:17-49
41            <meta-data
41-->[androidx.lifecycle:lifecycle-process:2.6.2] AndroidManifest.xml:29:13-31:52
42                android:name="androidx.lifecycle.ProcessLifecycleInitializer"
42-->[androidx.lifecycle:lifecycle-process:2.6.2] AndroidManifest.xml:30:17-78
43                android:value="androidx.startup" />
43-->[androidx.lifecycle:lifecycle-process:2.6.2] AndroidManifest.xml:31:17-49
44            <meta-data
44-->[androidx.profileinstaller:profileinstaller:1.3.0] AndroidManifest.xml:29:13-31:52
45                android:name="androidx.profileinstaller.ProfileInstallerInitializer"
45-->[androidx.profileinstaller:profileinstaller:1.3.0] AndroidManifest.xml:30:17-85
46                android:value="androidx.startup" />
46-->[androidx.profileinstaller:profileinstaller:1.3.0] AndroidManifest.xml:31:17-49
47        </provider>
48
49        <receiver
49-->[androidx.profileinstaller:profileinstaller:1.3.0] AndroidManifest.xml:34:9-52:20
50            android:name="androidx.profileinstaller.ProfileInstallReceiver"
50-->[androidx.profileinstaller:profileinstaller:1.3.0] AndroidManifest.xml:35:13-76
51            android:directBootAware="false"
51-->[androidx.profileinstaller:profileinstaller:1.3.0] AndroidManifest.xml:36:13-44
52            android:enabled="true"
52-->[androidx.profileinstaller:profileinstaller:1.3.0] AndroidManifest.xml:37:13-35
53            android:exported="true"
53-->[androidx.profileinstaller:profileinstaller:1.3.0] AndroidManifest.xml:38:13-36
54            android:permission="android.permission.DUMP" >
54-->[androidx.profileinstaller:profileinstaller:1.3.0] AndroidManifest.xml:39:13-57
55            <intent-filter>
55-->[androidx.profileinstaller:profileinstaller:1.3.0] AndroidManifest.xml:40:13-42:29
56                <action android:name="androidx.profileinstaller.action.INSTALL_PROFILE" />
56-->[androidx.profileinstaller:profileinstaller:1.3.0] AndroidManifest.xml:41:17-91
56-->[androidx.profileinstaller:profileinstaller:1.3.0] AndroidManifest.xml:41:25-88
57            </intent-filter>
58            <intent-filter>
58-->[androidx.profileinstaller:profileinstaller:1.3.0] AndroidManifest.xml:43:13-45:29
59                <action android:name="androidx.profileinstaller.action.SKIP_FILE" />
59-->[androidx.profileinstaller:profileinstaller:1.3.0] AndroidManifest.xml:44:17-85
59-->[androidx.profileinstaller:profileinstaller:1.3.0] AndroidManifest.xml:44:25-82
60            </intent-filter>
61            <intent-filter>
61-->[androidx.profileinstaller:profileinstaller:1.3.0] AndroidManifest.xml:46:13-48:29
62                <action android:name="androidx.profileinstaller.action.SAVE_PROFILE" />
62-->[androidx.profileinstaller:profileinstaller:1.3.0] AndroidManifest.xml:47:17-88
62-->[androidx.profileinstaller:profileinstaller:1.3.0] AndroidManifest.xml:47:25-85
63            </intent-filter>
64            <intent-filter>
64-->[androidx.profileinstaller:profileinstaller:1.3.0] AndroidManifest.xml:49:13-51:29
65                <action android:name="androidx.profileinstaller.action.BENCHMARK_OPERATION" />
65-->[androidx.profileinstaller:profileinstaller:1.3.0] AndroidManifest.xml:50:17-95
65-->[androidx.profileinstaller:profileinstaller:1.3.0] AndroidManifest.xml:50:25-92
66            </intent-filter>
67        </receiver>
68    </application>
69
70</manifest>